Traceback (most recent call last):
  File "C:\Users\souvi\AppData\Local\Programs\Python\Python313\Lib\site-packages\jupyter_core\utils\__init__.py", line 154, in wrapped
    asyncio.get_running_loop()
    ~~~~~~~~~~~~~~~~~~~~~~~~^^
RuntimeError: no running event loop

During handling of the above exception, another exception occurred:

Traceback (most recent call last):
  File "C:\Users\souvi\AppData\Local\Programs\Python\Python313\Lib\site-packages\jupyter_cache\executors\utils.py", line 58, in single_nb_execution
    executenb(
    ~~~~~~~~~^
        nb,
        ^^^
    ...<4 lines>...
        **kwargs,
        ^^^^^^^^^
    )
    ^
  File "C:\Users\souvi\AppData\Local\Programs\Python\Python313\Lib\site-packages\nbclient\client.py", line 1319, in execute
    return NotebookClient(nb=nb, resources=resources, km=km, **kwargs).execute()
           ~~~~~~~~~~~~~~~~~~~~~~~~~~~~~~~~~~~~~~~~~~~~~~~~~~~~~~~~~~~~~~~~~~~^^
  File "C:\Users\souvi\AppData\Local\Programs\Python\Python313\Lib\site-packages\jupyter_core\utils\__init__.py", line 158, in wrapped
    return loop.run_until_complete(inner)
           ~~~~~~~~~~~~~~~~~~~~~~~^^^^^^^
  File "C:\Users\souvi\AppData\Local\Programs\Python\Python313\Lib\asyncio\base_events.py", line 719, in run_until_complete
    return future.result()
           ~~~~~~~~~~~~~^^
  File "C:\Users\souvi\AppData\Local\Programs\Python\Python313\Lib\site-packages\nbclient\client.py", line 709, in async_execute
    await self.async_execute_cell(
        cell, index, execution_count=self.code_cells_executed + 1
    )
  File "C:\Users\souvi\AppData\Local\Programs\Python\Python313\Lib\site-packages\nbclient\client.py", line 1062, in async_execute_cell
    await self._check_raise_for_error(cell, cell_index, exec_reply)
  File "C:\Users\souvi\AppData\Local\Programs\Python\Python313\Lib\site-packages\nbclient\client.py", line 918, in _check_raise_for_error
    raise CellExecutionError.from_cell_and_msg(cell, exec_reply_content)
nbclient.exceptions.CellExecutionError: An error occurred while executing the following cell:
------------------
from jupyterquiz import display_quiz

"""
Lernziel: Sie können die Grundkonzepte des Natural Language Processing erklären und die Funktionen von Tokenisierung und Lemmatisierung für die Textanalyse beschreiben.
Bloom-Stufe: Verstehen
Format: Multiple Choice
"""


import sys
sys.path.append("..")
from quadriga import colors

multiple_choice_1 = [{
    "question": """Welche der folgenden Aussagen beschreibt korrekt, was NLP im Kontext der Textanalyse leistet?""",
    "type": "multiple_choice",
    "answers": [
        {
            "answer": "NLP dient ausschließlich der automatischen Übersetzung zwischen Sprachen",
            "correct": False,
            "feedback": """× Nicht korrekt. Obwohl maschinelle Übersetzung ein Anwendungsgebiet von NLP ist, umfasst NLP viel mehr, insbesondere die Anreicherung von Texten mit linguistischen Informationen für verschiedene Analysezwecke. NLP beinhaltet Methoden wie Tokenisierung, Lemmatisierung und viele weitere Techniken zur Textverarbeitung."""
        },
        {
            "answer": "NLP ermöglicht die Anreicherung von Texten mit linguistischen Informationen, die für Computer sonst nicht erkennbar wären",
            "correct": True,
            "feedback": """✓ Richtig! NLP (Natural Language Processing) ermöglicht es, Texte mit linguistischen Informationen anzureichern und damit für Computer "verständlich" zu machen. Computer sehen Text zunächst nur als Zeichenkette, während NLP-Methoden semantische Strukturen hinzufügen und Analysen auf Wortebene ermöglichen."""
        },
        {
            "answer": "NLP ist ein Verfahren zur manuellen Annotation von Texten durch Sprachwissenschaftler:innen",
            "correct": False,
            "feedback": """× Nicht korrekt. NLP bezieht sich auf automatisierte Verfahren zur Textverarbeitung durch Computer, nicht auf manuelle Annotation. Während manuelle Annotation durchaus für Training und Evaluation von NLP-Systemen wichtig sein kann, ist NLP selbst ein computergestützter Prozess."""
        },
        {
            "answer": "NLP kann nur auf modernen Texten angewendet werden, nicht auf historischen Dokumenten",
            "correct": False,
            "feedback": """× Nicht korrekt. NLP kann grundsätzlich auf Texte jeder Epoche angewendet werden, auch wenn historische Texte aufgrund von Sprachveränderungen, anderen Schriften oder OCR-Qualität besondere Herausforderungen darstellen können. Gerade in den Digital Humanities wird NLP häufig für historische Textanalyse eingesetzt."""
        }
    ]
}]

display_quiz(multiple_choice_1, colors=colors.jupyterquiz)
------------------


[31m---------------------------------------------------------------------------[39m
[31mModuleNotFoundError[39m                       Traceback (most recent call last)
[36mCell[39m[36m [39m[32mIn[1][39m[32m, line 1[39m
[32m----> [39m[32m1[39m [38;5;28;01mfrom[39;00m[38;5;250m [39m[34;01mjupyterquiz[39;00m[38;5;250m [39m[38;5;28;01mimport[39;00m display_quiz
[32m      3[39m [33;03m"""[39;00m
[32m      4[39m [33;03mLernziel: Sie können die Grundkonzepte des Natural Language Processing erklären und die Funktionen von Tokenisierung und Lemmatisierung für die Textanalyse beschreiben.[39;00m
[32m      5[39m [33;03mBloom-Stufe: Verstehen[39;00m
[32m      6[39m [33;03mFormat: Multiple Choice[39;00m
[32m      7[39m [33;03m"""[39;00m
[32m     10[39m [38;5;28;01mimport[39;00m[38;5;250m [39m[34;01msys[39;00m

[31mModuleNotFoundError[39m: No module named 'jupyterquiz'

