Traceback (most recent call last):
  File "C:\Users\souvi\AppData\Local\Programs\Python\Python313\Lib\site-packages\jupyter_core\utils\__init__.py", line 154, in wrapped
    asyncio.get_running_loop()
    ~~~~~~~~~~~~~~~~~~~~~~~~^^
RuntimeError: no running event loop

During handling of the above exception, another exception occurred:

Traceback (most recent call last):
  File "C:\Users\souvi\AppData\Local\Programs\Python\Python313\Lib\site-packages\jupyter_cache\executors\utils.py", line 58, in single_nb_execution
    executenb(
    ~~~~~~~~~^
        nb,
        ^^^
    ...<4 lines>...
        **kwargs,
        ^^^^^^^^^
    )
    ^
  File "C:\Users\souvi\AppData\Local\Programs\Python\Python313\Lib\site-packages\nbclient\client.py", line 1319, in execute
    return NotebookClient(nb=nb, resources=resources, km=km, **kwargs).execute()
           ~~~~~~~~~~~~~~~~~~~~~~~~~~~~~~~~~~~~~~~~~~~~~~~~~~~~~~~~~~~~~~~~~~~^^
  File "C:\Users\souvi\AppData\Local\Programs\Python\Python313\Lib\site-packages\jupyter_core\utils\__init__.py", line 158, in wrapped
    return loop.run_until_complete(inner)
           ~~~~~~~~~~~~~~~~~~~~~~~^^^^^^^
  File "C:\Users\souvi\AppData\Local\Programs\Python\Python313\Lib\asyncio\base_events.py", line 719, in run_until_complete
    return future.result()
           ~~~~~~~~~~~~~^^
  File "C:\Users\souvi\AppData\Local\Programs\Python\Python313\Lib\site-packages\nbclient\client.py", line 709, in async_execute
    await self.async_execute_cell(
        cell, index, execution_count=self.code_cells_executed + 1
    )
  File "C:\Users\souvi\AppData\Local\Programs\Python\Python313\Lib\site-packages\nbclient\client.py", line 1062, in async_execute_cell
    await self._check_raise_for_error(cell, cell_index, exec_reply)
  File "C:\Users\souvi\AppData\Local\Programs\Python\Python313\Lib\site-packages\nbclient\client.py", line 918, in _check_raise_for_error
    raise CellExecutionError.from_cell_and_msg(cell, exec_reply_content)
nbclient.exceptions.CellExecutionError: An error occurred while executing the following cell:
------------------
from jupyterquiz import display_quiz

""" 
Lernziel: 
     Sie können den Prozess der Optical Character Recognition (OCR) für die Korpuserstellung beschreiben und dessen Qualität systematisch analysieren.
Bloom-Stufe: Verstehen
Format: Multiple Choice
Geschätzte Zeit: 15 Minuten
Schwerpunkte:
    - Grundprinzipien der OCR
    - Anwendungsbereiche
    - Funktionsweise

"""

import sys
sys.path.append("..")
from quadriga import colors

multiple_choice_1 = [{
    "question": """Welche Aussagen beschreiben die Funktionsweise und Einsatzzwecke von OCR korrekt?""",
    "type": "multiple_choice",
    "answers": [
        {
            "answer": "OCR ermöglicht die automatische Umwandlung von gescannten Dokumenten in maschinenlesbaren Text.",
            "correct": True,
            "feedback": """✓ Richtig! Dies ist die Kernfunktion von OCR:
            - Erkennt Textzeichen in Bildern
            - Wandelt diese in digitalen Text um
            - Macht Dokumente maschinenlesbar
            Diese Funktion ist grundlegend für die Digitalisierung historischer Dokumente."""
        },
        {
            "answer": "OCR wird ausschließlich für die Digitalisierung von handgeschriebenen Texten verwendet.",
            "correct": False,
            "feedback": """× Nicht korrekt. OCR hat verschiedene Anwendungsbereiche:
            - Gedruckte Texte (Hauptanwendung)
            - Handgeschriebene Texte (schwieriger)
            - Formulare und Dokumente
            - Historische Zeitungen (wie in unserem Beispiel)"""
        },
        {
            "answer": "Die Erstellung durchsuchbarer Dokumentensammlungen ist ein wichtiger Einsatzzweck von OCR.",
            "correct": True,
            "feedback": """✓ Richtig! OCR ermöglicht:
            - Volltextsuche in digitalisierten Dokumenten
            - Effiziente Informationsfindung
            - Automatisierte Textanalyse
            - Verbesserte Zugänglichkeit von Archiven"""
        }
    ]
}]

display_quiz(multiple_choice_1, colors=colors.jupyterquiz)
------------------


[31m---------------------------------------------------------------------------[39m
[31mModuleNotFoundError[39m                       Traceback (most recent call last)
[36mCell[39m[36m [39m[32mIn[1][39m[32m, line 1[39m
[32m----> [39m[32m1[39m [38;5;28;01mfrom[39;00m[38;5;250m [39m[34;01mjupyterquiz[39;00m[38;5;250m [39m[38;5;28;01mimport[39;00m display_quiz
[32m      3[39m [33;03m""" [39;00m
[32m      4[39m [33;03mLernziel: [39;00m
[32m      5[39m [33;03m     Sie können den Prozess der Optical Character Recognition (OCR) für die Korpuserstellung beschreiben und dessen Qualität systematisch analysieren.[39;00m
[32m   (...)[39m[32m     13[39m 
[32m     14[39m [33;03m"""[39;00m
[32m     16[39m [38;5;28;01mimport[39;00m[38;5;250m [39m[34;01msys[39;00m

[31mModuleNotFoundError[39m: No module named 'jupyterquiz'

