Traceback (most recent call last):
  File "C:\Users\souvi\AppData\Local\Programs\Python\Python311\Lib\site-packages\jupyter_core\utils\__init__.py", line 154, in wrapped
    asyncio.get_running_loop()
RuntimeError: no running event loop

During handling of the above exception, another exception occurred:

Traceback (most recent call last):
  File "C:\Users\souvi\AppData\Local\Programs\Python\Python311\Lib\site-packages\jupyter_cache\executors\utils.py", line 58, in single_nb_execution
    executenb(
  File "C:\Users\souvi\AppData\Local\Programs\Python\Python311\Lib\site-packages\nbclient\client.py", line 1319, in execute
    return NotebookClient(nb=nb, resources=resources, km=km, **kwargs).execute()
           ^^^^^^^^^^^^^^^^^^^^^^^^^^^^^^^^^^^^^^^^^^^^^^^^^^^^^^^^^^^^^^^^^^^^^
  File "C:\Users\souvi\AppData\Local\Programs\Python\Python311\Lib\site-packages\jupyter_core\utils\__init__.py", line 158, in wrapped
    return loop.run_until_complete(inner)
           ^^^^^^^^^^^^^^^^^^^^^^^^^^^^^^
  File "C:\Users\souvi\AppData\Local\Programs\Python\Python311\Lib\asyncio\base_events.py", line 654, in run_until_complete
    return future.result()
           ^^^^^^^^^^^^^^^
  File "C:\Users\souvi\AppData\Local\Programs\Python\Python311\Lib\site-packages\nbclient\client.py", line 709, in async_execute
    await self.async_execute_cell(
  File "C:\Users\souvi\AppData\Local\Programs\Python\Python311\Lib\site-packages\nbclient\client.py", line 1062, in async_execute_cell
    await self._check_raise_for_error(cell, cell_index, exec_reply)
  File "C:\Users\souvi\AppData\Local\Programs\Python\Python311\Lib\site-packages\nbclient\client.py", line 918, in _check_raise_for_error
    raise CellExecutionError.from_cell_and_msg(cell, exec_reply_content)
nbclient.exceptions.CellExecutionError: An error occurred while executing the following cell:
------------------
ocr_output = pytesseract.image_to_string(Image.open('grippe.jpeg'), lang='frk')
------------------


[31m---------------------------------------------------------------------------[39m
[31mTesseractError[39m                            Traceback (most recent call last)
[36mCell[39m[36m [39m[32mIn[4][39m[32m, line 1[39m
[32m----> [39m[32m1[39m ocr_output = [43mpytesseract[49m[43m.[49m[43mimage_to_string[49m[43m([49m[43mImage[49m[43m.[49m[43mopen[49m[43m([49m[33;43m'[39;49m[33;43mgrippe.jpeg[39;49m[33;43m'[39;49m[43m)[49m[43m,[49m[43m [49m[43mlang[49m[43m=[49m[33;43m'[39;49m[33;43mfrk[39;49m[33;43m'[39;49m[43m)[49m

[36mFile [39m[32m~\AppData\Local\Programs\Python\Python311\Lib\site-packages\pytesseract\pytesseract.py:486[39m, in [36mimage_to_string[39m[34m(image, lang, config, nice, output_type, timeout)[39m
[32m    481[39m [38;5;250m[39m[33;03m"""[39;00m
[32m    482[39m [33;03mReturns the result of a Tesseract OCR run on the provided image to string[39;00m
[32m    483[39m [33;03m"""[39;00m
[32m    484[39m args = [image, [33m'[39m[33mtxt[39m[33m'[39m, lang, config, nice, timeout]
[32m--> [39m[32m486[39m [38;5;28;01mreturn[39;00m [43m{[49m
[32m    487[39m [43m    [49m[43mOutput[49m[43m.[49m[43mBYTES[49m[43m:[49m[43m [49m[38;5;28;43;01mlambda[39;49;00m[43m:[49m[43m [49m[43mrun_and_get_output[49m[43m([49m[43m*[49m[43m([49m[43margs[49m[43m [49m[43m+[49m[43m [49m[43m[[49m[38;5;28;43;01mTrue[39;49;00m[43m][49m[43m)[49m[43m)[49m[43m,[49m
[32m    488[39m [43m    [49m[43mOutput[49m[43m.[49m[43mDICT[49m[43m:[49m[43m [49m[38;5;28;43;01mlambda[39;49;00m[43m:[49m[43m [49m[43m{[49m[33;43m'[39;49m[33;43mtext[39;49m[33;43m'[39;49m[43m:[49m[43m [49m[43mrun_and_get_output[49m[43m([49m[43m*[49m[43margs[49m[43m)[49m[43m}[49m[43m,[49m
[32m    489[39m [43m    [49m[43mOutput[49m[43m.[49m[43mSTRING[49m[43m:[49m[43m [49m[38;5;28;43;01mlambda[39;49;00m[43m:[49m[43m [49m[43mrun_and_get_output[49m[43m([49m[43m*[49m[43margs[49m[43m)[49m[43m,[49m
[32m    490[39m [43m[49m[43m}[49m[43m[[49m[43moutput_type[49m[43m][49m[43m([49m[43m)[49m

[36mFile [39m[32m~\AppData\Local\Programs\Python\Python311\Lib\site-packages\pytesseract\pytesseract.py:489[39m, in [36mimage_to_string.<locals>.<lambda>[39m[34m()[39m
[32m    481[39m [38;5;250m[39m[33;03m"""[39;00m
[32m    482[39m [33;03mReturns the result of a Tesseract OCR run on the provided image to string[39;00m
[32m    483[39m [33;03m"""[39;00m
[32m    484[39m args = [image, [33m'[39m[33mtxt[39m[33m'[39m, lang, config, nice, timeout]
[32m    486[39m [38;5;28;01mreturn[39;00m {
[32m    487[39m     Output.BYTES: [38;5;28;01mlambda[39;00m: run_and_get_output(*(args + [[38;5;28;01mTrue[39;00m])),
[32m    488[39m     Output.DICT: [38;5;28;01mlambda[39;00m: {[33m'[39m[33mtext[39m[33m'[39m: run_and_get_output(*args)},
[32m--> [39m[32m489[39m     Output.STRING: [38;5;28;01mlambda[39;00m: [43mrun_and_get_output[49m[43m([49m[43m*[49m[43margs[49m[43m)[49m,
[32m    490[39m }[output_type]()

[36mFile [39m[32m~\AppData\Local\Programs\Python\Python311\Lib\site-packages\pytesseract\pytesseract.py:352[39m, in [36mrun_and_get_output[39m[34m(image, extension, lang, config, nice, timeout, return_bytes)[39m
[32m    341[39m [38;5;28;01mwith[39;00m save(image) [38;5;28;01mas[39;00m (temp_name, input_filename):
[32m    342[39m     kwargs = {
[32m    343[39m         [33m'[39m[33minput_filename[39m[33m'[39m: input_filename,
[32m    344[39m         [33m'[39m[33moutput_filename_base[39m[33m'[39m: temp_name,
[32m   (...)[39m[32m    349[39m         [33m'[39m[33mtimeout[39m[33m'[39m: timeout,
[32m    350[39m     }
[32m--> [39m[32m352[39m     [43mrun_tesseract[49m[43m([49m[43m*[49m[43m*[49m[43mkwargs[49m[43m)[49m
[32m    353[39m     [38;5;28;01mreturn[39;00m _read_output(
[32m    354[39m         [33mf[39m[33m"[39m[38;5;132;01m{[39;00mkwargs[[33m'[39m[33moutput_filename_base[39m[33m'[39m][38;5;132;01m}[39;00m[38;5;132;01m{[39;00mextsep[38;5;132;01m}[39;00m[38;5;132;01m{[39;00mextension[38;5;132;01m}[39;00m[33m"[39m,
[32m    355[39m         return_bytes,
[32m    356[39m     )

[36mFile [39m[32m~\AppData\Local\Programs\Python\Python311\Lib\site-packages\pytesseract\pytesseract.py:284[39m, in [36mrun_tesseract[39m[34m(input_filename, output_filename_base, extension, lang, config, nice, timeout)[39m
[32m    282[39m [38;5;28;01mwith[39;00m timeout_manager(proc, timeout) [38;5;28;01mas[39;00m error_string:
[32m    283[39m     [38;5;28;01mif[39;00m proc.returncode:
[32m--> [39m[32m284[39m         [38;5;28;01mraise[39;00m TesseractError(proc.returncode, get_errors(error_string))

[31mTesseractError[39m: (1, 'Error opening data file C:\\Program Files\\Tesseract-OCR/tessdata/frk.traineddata Please make sure the TESSDATA_PREFIX environment variable is set to your "tessdata" directory. Failed loading language \'frk\' Tesseract couldn\'t load any languages! Could not initialize tesseract.')

