Traceback (most recent call last):
  File "C:\Users\souvi\AppData\Local\Programs\Python\Python311\Lib\site-packages\jupyter_core\utils\__init__.py", line 154, in wrapped
    asyncio.get_running_loop()
RuntimeError: no running event loop

During handling of the above exception, another exception occurred:

Traceback (most recent call last):
  File "C:\Users\souvi\AppData\Local\Programs\Python\Python311\Lib\site-packages\jupyter_cache\executors\utils.py", line 58, in single_nb_execution
    executenb(
  File "C:\Users\souvi\AppData\Local\Programs\Python\Python311\Lib\site-packages\nbclient\client.py", line 1319, in execute
    return NotebookClient(nb=nb, resources=resources, km=km, **kwargs).execute()
           ^^^^^^^^^^^^^^^^^^^^^^^^^^^^^^^^^^^^^^^^^^^^^^^^^^^^^^^^^^^^^^^^^^^^^
  File "C:\Users\souvi\AppData\Local\Programs\Python\Python311\Lib\site-packages\jupyter_core\utils\__init__.py", line 158, in wrapped
    return loop.run_until_complete(inner)
           ^^^^^^^^^^^^^^^^^^^^^^^^^^^^^^
  File "C:\Users\souvi\AppData\Local\Programs\Python\Python311\Lib\asyncio\base_events.py", line 654, in run_until_complete
    return future.result()
           ^^^^^^^^^^^^^^^
  File "C:\Users\souvi\AppData\Local\Programs\Python\Python311\Lib\site-packages\nbclient\client.py", line 709, in async_execute
    await self.async_execute_cell(
  File "C:\Users\souvi\AppData\Local\Programs\Python\Python311\Lib\site-packages\nbclient\client.py", line 1062, in async_execute_cell
    await self._check_raise_for_error(cell, cell_index, exec_reply)
  File "C:\Users\souvi\AppData\Local\Programs\Python\Python311\Lib\site-packages\nbclient\client.py", line 918, in _check_raise_for_error
    raise CellExecutionError.from_cell_and_msg(cell, exec_reply_content)
nbclient.exceptions.CellExecutionError: An error occurred while executing the following cell:
------------------
from jupyterquiz import display_quiz

""" 
Lernziel: 
     Sie können verschiedene Verfahren der OCR-Nachbearbeitung beschreiben und deren Einsatzzwecke unterscheiden
Bloom-Stufe: Verstehen
Format: Multiple Choice
Geschätzte Zeit: 15 Minuten
"""

import sys
sys.path.append("..")
from quadriga import colors

multiple_choice_1 = [{
    "question": """Welche der folgenden Fehler fallen in die Kategorie \"Zeichenerkennung\"?""",
    "type": "multiple_choice",
    "answers": [
        {
            "answer": "Fehlende Absätze",
            "correct": False,
            "feedback": """× Nicht korrekt. Dieser Fehler gehört zur Kategorie \"Formatierung\", da es sich um ein Layoutproblem handelt und nicht um die falsche Erkennung einzelner Zeichen."""
        },
        {
            "answer": "Der Buchstabe \"l\" (kleines L) wird als Ziffer \"1\" (Eins) erkannt",
            "correct": True,
            "feedback": """✓ Richtig! Dies ist ein klassischer Zeichenerkennungsfehler, der durch visuelle Ähnlichkeit der Zeichen entsteht."""
        },
        {
            "answer": "Verlorene Überschriftenformatierung",
            "correct": False,
            "feedback": """× Nicht korrekt. Dies gehört zur Kategorie \"Formatierung\", da es die Struktur des Dokuments betrifft."""
        },
        {
            "answer": "Die Buchstabenfolge \"rn\" wird als Buchstabe \"m\" interpretiert",
            "correct": True,
            "feedback": """✓ Richtig! Hierbei handelt es sich um einen Zeichenerkennungsfehler, bei dem ähnlich aussehende Zeichenkombinationen falsch interpretiert werden."""
        }
    ]
}]

display_quiz(multiple_choice_1, colors=colors.jupyterquiz)
------------------


[31m---------------------------------------------------------------------------[39m
[31mModuleNotFoundError[39m                       Traceback (most recent call last)
[36mCell[39m[36m [39m[32mIn[1][39m[32m, line 1[39m
[32m----> [39m[32m1[39m [38;5;28;01mfrom[39;00m[38;5;250m [39m[34;01mjupyterquiz[39;00m[38;5;250m [39m[38;5;28;01mimport[39;00m display_quiz
[32m      3[39m [33;03m""" [39;00m
[32m      4[39m [33;03mLernziel: [39;00m
[32m      5[39m [33;03m     Sie können verschiedene Verfahren der OCR-Nachbearbeitung beschreiben und deren Einsatzzwecke unterscheiden[39;00m
[32m   (...)[39m[32m      8[39m [33;03mGeschätzte Zeit: 15 Minuten[39;00m
[32m      9[39m [33;03m"""[39;00m
[32m     11[39m [38;5;28;01mimport[39;00m[38;5;250m [39m[34;01msys[39;00m

[31mModuleNotFoundError[39m: No module named 'jupyterquiz'

