Traceback (most recent call last):
  File "C:\Users\souvi\AppData\Local\Programs\Python\Python311\Lib\site-packages\jupyter_core\utils\__init__.py", line 154, in wrapped
    asyncio.get_running_loop()
RuntimeError: no running event loop

During handling of the above exception, another exception occurred:

Traceback (most recent call last):
  File "C:\Users\souvi\AppData\Local\Programs\Python\Python311\Lib\site-packages\jupyter_cache\executors\utils.py", line 58, in single_nb_execution
    executenb(
  File "C:\Users\souvi\AppData\Local\Programs\Python\Python311\Lib\site-packages\nbclient\client.py", line 1319, in execute
    return NotebookClient(nb=nb, resources=resources, km=km, **kwargs).execute()
           ^^^^^^^^^^^^^^^^^^^^^^^^^^^^^^^^^^^^^^^^^^^^^^^^^^^^^^^^^^^^^^^^^^^^^
  File "C:\Users\souvi\AppData\Local\Programs\Python\Python311\Lib\site-packages\jupyter_core\utils\__init__.py", line 158, in wrapped
    return loop.run_until_complete(inner)
           ^^^^^^^^^^^^^^^^^^^^^^^^^^^^^^
  File "C:\Users\souvi\AppData\Local\Programs\Python\Python311\Lib\asyncio\base_events.py", line 654, in run_until_complete
    return future.result()
           ^^^^^^^^^^^^^^^
  File "C:\Users\souvi\AppData\Local\Programs\Python\Python311\Lib\site-packages\nbclient\client.py", line 709, in async_execute
    await self.async_execute_cell(
  File "C:\Users\souvi\AppData\Local\Programs\Python\Python311\Lib\site-packages\nbclient\client.py", line 1062, in async_execute_cell
    await self._check_raise_for_error(cell, cell_index, exec_reply)
  File "C:\Users\souvi\AppData\Local\Programs\Python\Python311\Lib\site-packages\nbclient\client.py", line 918, in _check_raise_for_error
    raise CellExecutionError.from_cell_and_msg(cell, exec_reply_content)
nbclient.exceptions.CellExecutionError: An error occurred while executing the following cell:
------------------
from jupyterquiz import display_quiz

"""
Lernziel: Sie verfügen über ein Grundverständnis des Konzepts des semantischen Feldes, können den Unterschied zwischen absoluten und relativen Häufigkeiten erklären und die Darstellungsmethoden des Liniendiagramms und der Key Word in Context (KWIC)-Anzeige interpretieren.
Bloom-Stufe: Verstehen, Analysieren
Format: Multiple Choice
"""


import sys
sys.path.append("..")
from quadriga import colors

multiple_choice_1 = [{
    "question": """Was versteht man unter einem semantischen Feld im Kontext der Analyse der Spanischen Grippe?""",
    "type": "multiple_choice",
    "answers": [
        {
            "answer": "Eine grafische Darstellung der Verbreitung einer Krankheit auf einer Landkarte",
            "correct": False,
            "feedback": """× Nicht korrekt. Diese Aussage beschreibt nicht ein semantisches Feld, sondern eher eine epidemiologische Karte. Ein semantisches Feld bezieht sich auf eine Gruppe von Wörtern mit verwandten Bedeutungen."""
        },
        {
            "answer": "Eine Sammlung von Wörtern, die mit der Spanischen Grippe im Zusammenhang stehen und diese spezifisch bezeichnen",
            "correct": True,
            "feedback": """✓ Richtig! Laut Text ist ein semantisches Feld eine "Sammlung dieser Wörter", die "mit der Spanischen Grippe im Zusammenhang" stehen. Diese Wörter sollten "sich auf die Spanische Grippe und nur auf diese beziehen"."""
        },
        {
            "answer": "Die Gesamtheit aller Zeitungsartikel zu einem bestimmten Thema",
            "correct": False,
            "feedback": """× Nicht korrekt. Diese Aussage beschreibt ein Korpus zu einem Thema, nicht ein semantisches Feld. Ein semantisches Feld besteht aus Wörtern mit verwandten Bedeutungen, nicht aus vollständigen Texten."""
        },
        {
            "answer": "Eine statistische Methode zur Berechnung der Häufigkeit von Krankheitsfällen",
            "correct": False,
            "feedback": """× Nicht korrekt. Diese Aussage beschreibt eine epidemiologische Analysemethode, nicht ein semantisches Feld. Ein semantisches Feld ist eine linguistische Kategorie, die bedeutungsverwandte Wörter zusammenfasst."""
        }
    ]
}]

display_quiz(multiple_choice_1, colors=colors.jupyterquiz)
------------------


[31m---------------------------------------------------------------------------[39m
[31mModuleNotFoundError[39m                       Traceback (most recent call last)
[36mCell[39m[36m [39m[32mIn[1][39m[32m, line 1[39m
[32m----> [39m[32m1[39m [38;5;28;01mfrom[39;00m[38;5;250m [39m[34;01mjupyterquiz[39;00m[38;5;250m [39m[38;5;28;01mimport[39;00m display_quiz
[32m      3[39m [33;03m"""[39;00m
[32m      4[39m [33;03mLernziel: Sie verfügen über ein Grundverständnis des Konzepts des semantischen Feldes, können den Unterschied zwischen absoluten und relativen Häufigkeiten erklären und die Darstellungsmethoden des Liniendiagramms und der Key Word in Context (KWIC)-Anzeige interpretieren.[39;00m
[32m      5[39m [33;03mBloom-Stufe: Verstehen, Analysieren[39;00m
[32m      6[39m [33;03mFormat: Multiple Choice[39;00m
[32m      7[39m [33;03m"""[39;00m
[32m     10[39m [38;5;28;01mimport[39;00m[38;5;250m [39m[34;01msys[39;00m

[31mModuleNotFoundError[39m: No module named 'jupyterquiz'

