Traceback (most recent call last):
  File "C:\Users\souvi\AppData\Local\Programs\Python\Python311\Lib\site-packages\jupyter_core\utils\__init__.py", line 154, in wrapped
    asyncio.get_running_loop()
RuntimeError: no running event loop

During handling of the above exception, another exception occurred:

Traceback (most recent call last):
  File "C:\Users\souvi\AppData\Local\Programs\Python\Python311\Lib\site-packages\jupyter_cache\executors\utils.py", line 58, in single_nb_execution
    executenb(
  File "C:\Users\souvi\AppData\Local\Programs\Python\Python311\Lib\site-packages\nbclient\client.py", line 1319, in execute
    return NotebookClient(nb=nb, resources=resources, km=km, **kwargs).execute()
           ^^^^^^^^^^^^^^^^^^^^^^^^^^^^^^^^^^^^^^^^^^^^^^^^^^^^^^^^^^^^^^^^^^^^^
  File "C:\Users\souvi\AppData\Local\Programs\Python\Python311\Lib\site-packages\jupyter_core\utils\__init__.py", line 158, in wrapped
    return loop.run_until_complete(inner)
           ^^^^^^^^^^^^^^^^^^^^^^^^^^^^^^
  File "C:\Users\souvi\AppData\Local\Programs\Python\Python311\Lib\asyncio\base_events.py", line 654, in run_until_complete
    return future.result()
           ^^^^^^^^^^^^^^^
  File "C:\Users\souvi\AppData\Local\Programs\Python\Python311\Lib\site-packages\nbclient\client.py", line 709, in async_execute
    await self.async_execute_cell(
  File "C:\Users\souvi\AppData\Local\Programs\Python\Python311\Lib\site-packages\nbclient\client.py", line 1062, in async_execute_cell
    await self._check_raise_for_error(cell, cell_index, exec_reply)
  File "C:\Users\souvi\AppData\Local\Programs\Python\Python311\Lib\site-packages\nbclient\client.py", line 918, in _check_raise_for_error
    raise CellExecutionError.from_cell_and_msg(cell, exec_reply_content)
nbclient.exceptions.CellExecutionError: An error occurred while executing the following cell:
------------------
from jupyterquiz import display_quiz

import sys
sys.path.append("..")
from quadriga import colors

question2 = [
    {
        "question": "Welche der folgenden Operationalisierungen eignen sich, um die öffentliche Aufmerksamkeit für Umweltthemen in deutschen Tageszeitungen zwischen 1960-1980 messbar zu machen? (Mehrere Antworten sind korrekt)",
        "type": "multiple_choice",
        "answers": [
            {
                "answer": "Zählen der Häufigkeit von umweltbezogenen Begriffen (wie 'Umweltschutz', 'Verschmutzung') in den Zeitungstexten",
                "correct": True,
                "feedback": """✓ Korrekt! Diese Operationalisierung ist geeignet, weil:
                    - Sie ein quantifizierbares Maß für die Intensität der Berichterstattung liefert
                    - Die Häufigkeit von Schlüsselbegriffen messbar ist
                    - Systematische Vergleiche über Zeit möglich sind
                    - Die Analyse auf dem definierten Korpus basiert"""
            },
            {
                "answer": "Messen der Länge von Artikeln, die Umweltthemen behandeln",
                "correct": True,
                "feedback": """✓ Korrekt! Diese Methode ist geeignet, weil:
                    - Sie den Umfang der Berichterstattung quantifiziert
                    - Längere Artikel oft mehr Aufmerksamkeit bedeuten
                    - Die Messung über Zeit vergleichbar ist
                    - Die Analyse innerhalb des Quellenkorpus bleibt"""
            },
            {
                "answer": "Erfassen der tatsächlichen Umweltverschmutzungswerte aus diesem Zeitraum",
                "correct": False,
                "feedback": """× Nicht korrekt, weil:
                    - Dies keine mediale Aufmerksamkeit misst
                    - Es außerhalb des Untersuchungskorpus liegt
                    - Es das tatsächliche Geschehen statt der Berichterstattung erfasst
                    - Es nicht die Forschungsfrage beantwortet"""
            },
            {
                "answer": "Analyse von Regierungsdokumenten zur Umweltpolitik",
                "correct": False,
                "feedback": """× Nicht korrekt, weil:
                    - Dies außerhalb des definierten Quellenkorpus (Tageszeitungen) liegt
                    - Es eine andere Textgattung betrifft
                    - Es nicht die mediale Aufmerksamkeit misst
                    - Es eine andere Forschungsfrage erfordern würde"""
            },
            {
                "answer": "Erfassen des prozentualen Anteils der Zeitungsseiten mit Umweltthemen",
                "correct": True,
                "feedback": """✓ Korrekt! Diese Operationalisierung ist geeignet, weil:
                    - Sie den relativen Stellenwert des Themas misst
                    - Sie verschiedene Zeitpunkte vergleichbar macht
                    - Sie auf dem definierten Korpus basiert
                    - Sie ein quantifizierbares Maß liefert"""
            }
        ]
    }
]
display_quiz(question2, colors=colors.jupyterquiz, max_width=1000)
------------------


[31m---------------------------------------------------------------------------[39m
[31mModuleNotFoundError[39m                       Traceback (most recent call last)
[36mCell[39m[36m [39m[32mIn[1][39m[32m, line 1[39m
[32m----> [39m[32m1[39m [38;5;28;01mfrom[39;00m[38;5;250m [39m[34;01mjupyterquiz[39;00m[38;5;250m [39m[38;5;28;01mimport[39;00m display_quiz
[32m      3[39m [38;5;28;01mimport[39;00m[38;5;250m [39m[34;01msys[39;00m
[32m      4[39m sys.path.append([33m"[39m[33m..[39m[33m"[39m)

[31mModuleNotFoundError[39m: No module named 'jupyterquiz'

