Traceback (most recent call last):
  File "C:\Users\souvi\AppData\Local\Programs\Python\Python313\Lib\site-packages\jupyter_core\utils\__init__.py", line 154, in wrapped
    asyncio.get_running_loop()
    ~~~~~~~~~~~~~~~~~~~~~~~~^^
RuntimeError: no running event loop

During handling of the above exception, another exception occurred:

Traceback (most recent call last):
  File "C:\Users\souvi\AppData\Local\Programs\Python\Python313\Lib\site-packages\jupyter_cache\executors\utils.py", line 58, in single_nb_execution
    executenb(
    ~~~~~~~~~^
        nb,
        ^^^
    ...<4 lines>...
        **kwargs,
        ^^^^^^^^^
    )
    ^
  File "C:\Users\souvi\AppData\Local\Programs\Python\Python313\Lib\site-packages\nbclient\client.py", line 1319, in execute
    return NotebookClient(nb=nb, resources=resources, km=km, **kwargs).execute()
           ~~~~~~~~~~~~~~~~~~~~~~~~~~~~~~~~~~~~~~~~~~~~~~~~~~~~~~~~~~~~~~~~~~~^^
  File "C:\Users\souvi\AppData\Local\Programs\Python\Python313\Lib\site-packages\jupyter_core\utils\__init__.py", line 158, in wrapped
    return loop.run_until_complete(inner)
           ~~~~~~~~~~~~~~~~~~~~~~~^^^^^^^
  File "C:\Users\souvi\AppData\Local\Programs\Python\Python313\Lib\asyncio\base_events.py", line 719, in run_until_complete
    return future.result()
           ~~~~~~~~~~~~~^^
  File "C:\Users\souvi\AppData\Local\Programs\Python\Python313\Lib\site-packages\nbclient\client.py", line 709, in async_execute
    await self.async_execute_cell(
        cell, index, execution_count=self.code_cells_executed + 1
    )
  File "C:\Users\souvi\AppData\Local\Programs\Python\Python313\Lib\site-packages\nbclient\client.py", line 1062, in async_execute_cell
    await self._check_raise_for_error(cell, cell_index, exec_reply)
  File "C:\Users\souvi\AppData\Local\Programs\Python\Python313\Lib\site-packages\nbclient\client.py", line 918, in _check_raise_for_error
    raise CellExecutionError.from_cell_and_msg(cell, exec_reply_content)
nbclient.exceptions.CellExecutionError: An error occurred while executing the following cell:
------------------
from jupyterquiz import display_quiz

import sys
sys.path.append("..")
from quadriga import colors

"""
Lernziel: 
    Sie können Korpora als geisteswissenschaftliche Forschungsobjekte definieren und ihre wesentlichen Merkmale beschreiben.
Bloom-Stufe: Verstehen
Format: Multiple Choice + Zuordnungsaufgabe
Geschätzte Zeit: 5 Minuten
Schwerpunkte:
    - Verständnis der Korpus-Grundprinzipien
    - Unterscheidung von Korpustypen
    - Bewertung von Korpusqualität
"""


question1 = [
    {
        "question": "Welche der folgenden Aussagen beschreiben korrekt die wesentlichen Merkmale eines Korpus in den Digital Humanities? Wählen Sie alle zutreffenden Aussagen.",
        "type": "multiple_choice",
        "answers": [
            {
                "answer": "Eine Sammlung von maschinenlesbaren Textdokumenten",
                "correct": True,
                "feedback": """✓ Korrekt! Die Maschinenlesbarkeit ist ein zentrales Merkmal von DH-Korpora, da sie die computergestützte Analyse ermöglicht. Dies unterscheidet DH-Korpora von traditionellen Textsammlungen und ist Voraussetzung für quantitative Analysen."""
            },
            {
                "answer": "Eine nach bestimmten Kriterien zusammengestellte Textsammlung",
                "correct": True,
                "feedback": """✓ Korrekt! Die kriteriengeleitete Zusammenstellung ist essentiell für wissenschaftliche Korpora. Die Kriterien müssen dabei:
                - transparent dokumentiert sein
                - zur Forschungsfrage passen
                - systematisch angewendet werden"""
            },
            {
                "answer": "Eine Sammlung, die nur digitalisierte Bücher enthält",
                "correct": False,
                "feedback": """× Nicht korrekt. Korpora können verschiedene Arten von Texten enthalten:
                - Zeitungsartikel (wie in unserer Fallstudie)
                - Literarische Texte
                - Dokumente
                - Andere Textformen
                Die Art der Texte wird durch die Forschungsfrage bestimmt, nicht durch das Format."""
            },
            {
                "answer": "Eine Textsammlung, die spezifischen Forschungszwecken dient",
                "correct": True,
                "feedback": """✓ Korrekt! Die Zweckgebundenheit ist ein wichtiges Merkmal:
                - Das Korpus wird für bestimmte Forschungsfragen zusammengestellt
                - Die Forschungszwecke bestimmen die Auswahlkriterien
                - Die Zweckbindung beeinflusst auch die Art der Aufbereitung der Texte"""
            },
            {
                "answer": "Eine beliebige Sammlung von digitalisierten Texten",
                "correct": False,
                "feedback": """× Nicht korrekt. Eine beliebige Sammlung erfüllt nicht die wissenschaftlichen Anforderungen an ein Korpus:
                - Es fehlen systematische Auswahlkriterien
                - Die Zusammenstellung ist nicht durch Forschungsfragen motiviert
                - Eine methodisch fundierte Analyse wäre nicht möglich"""
            },
            {
                "answer": "Eine Sammlung, die immer alle verfügbaren Texte zu einem Thema enthalten muss",
                "correct": False,
                "feedback": """× Nicht korrekt. Vollständigkeit ist nur eine mögliche Strategie des Korpusaufbaus:
                - Wie im Text erläutert, gibt es verschiedene Strategien (z.B. repräsentative Stichproben)
                - Die Vollständigkeit ist nur bei klar begrenzten, kleinen Untersuchungsbereichen sinnvoll
                - Die Strategie der Korpuserstellung richtet sich nach der Forschungsfrage und praktischen Erwägungen"""
            }
        ]
    }
]
display_quiz(question1, colors=colors.jupyterquiz, max_width=1000)
------------------


[31m---------------------------------------------------------------------------[39m
[31mModuleNotFoundError[39m                       Traceback (most recent call last)
[36mCell[39m[36m [39m[32mIn[1][39m[32m, line 1[39m
[32m----> [39m[32m1[39m [38;5;28;01mfrom[39;00m[38;5;250m [39m[34;01mjupyterquiz[39;00m[38;5;250m [39m[38;5;28;01mimport[39;00m display_quiz
[32m      3[39m [38;5;28;01mimport[39;00m[38;5;250m [39m[34;01msys[39;00m
[32m      4[39m sys.path.append([33m"[39m[33m..[39m[33m"[39m)

[31mModuleNotFoundError[39m: No module named 'jupyterquiz'

